<?xml version="1.0" encoding="UTF-8"?>
<testng-results ignored="0" total="2" passed="2" failed="0" skipped="0">
  <reporter-output>
  </reporter-output>
  <suite started-at="2026-09-24T13:04:38 IST" name="Default suite" finished-at="2026-09-24T13:04:38 IST" duration-ms="23">
    <groups>
    </groups>
    <test started-at="2026-09-24T13:04:38 IST" name="Default test" finished-at="2026-09-24T13:04:38 IST" duration-ms="23">
      <class name="pac2.OrgTest">
        <test-method signature="createOrgTest()[pri:0, instance:pac2.OrgTest@2d7275fc]" started-at="2026-09-24T13:04:38 IST" name="createOrgTest" finished-at="2026-09-24T13:04:38 IST" duration-ms="5" status="PASS">
          <reporter-output>
          </reporter-output>
        </test-method> <!-- createOrgTest -->
        <test-method signature="modifyOrgTest()[pri:0, instance:pac2.OrgTest@2d7275fc]" started-at="2026-09-24T13:04:38 IST" name="modifyOrgTest" finished-at="2026-09-24T13:04:38 IST" duration-ms="0" status="PASS">
          <reporter-output>
          </reporter-output>
        </test-method> <!-- modifyOrgTest -->
      </class> <!-- pac2.OrgTest -->
    </test> <!-- Default test -->
  </suite> <!-- Default suite -->
</testng-results>
